<?xml version="1.0" encoding="UTF-8"?>
<!-- Generated by org.testng.reporters.JUnitReportReporter -->
<testsuite hostname="SUDHAGAR-225" failures="0" tests="3" name="com.ld.qa.testcases.HomePageTest" time="50.798" errors="0" timestamp="24 May 2020 18:30:09 GMT">
  <testcase classname="com.ld.qa.testcases.HomePageTest" name="displayMenuTest" time="15.357"/>
  <testcase classname="com.ld.qa.testcases.HomePageTest" name="displayAudienceMenu" time="18.990"/>
  <testcase classname="com.ld.qa.testcases.HomePageTest" name="verifyAbout" time="16.451"/>
</testsuite> <!-- com.ld.qa.testcases.HomePageTest -->
