<?xml version="1.0" encoding="UTF-8"?>
<!-- Generated by org.testng.reporters.JUnitReportReporter -->
<testsuite hostname="SUDHAGAR-225" failures="0" tests="4" name="com.ld.qa.testcases.ProgramsPageTest" time="90.778" errors="0" timestamp="24 May 2020 18:30:09 GMT">
  <testcase classname="com.ld.qa.testcases.ProgramsPageTest" name="sampleTest" time="20.177"/>
  <testcase classname="com.ld.qa.testcases.ProgramsPageTest" name="sampleTest" time="19.367"/>
  <testcase classname="com.ld.qa.testcases.ProgramsPageTest" name="displayCourses" time="23.003"/>
  <testcase classname="com.ld.qa.testcases.ProgramsPageTest" name="selectCourse" time="28.231"/>
</testsuite> <!-- com.ld.qa.testcases.ProgramsPageTest -->
