<?xml version="1.0" encoding="UTF-8"?>
<!-- Generated by org.testng.reporters.JUnitReportReporter -->
<testsuite hostname="SUDHAGAR-225" failures="0" tests="1" name="com.ld.qa.testcases.AdmissionsPageTest" time="18.493" errors="0" timestamp="24 May 2020 18:30:09 GMT">
  <testcase classname="com.ld.qa.testcases.AdmissionsPageTest" name="validatePageTitle" time="18.493"/>
</testsuite> <!-- com.ld.qa.testcases.AdmissionsPageTest -->
