<?xml version="1.0" encoding="UTF-8"?>
<!-- Generated by org.testng.reporters.JUnitReportReporter -->
<testsuite hostname="SUDHAGAR-225" failures="0" tests="3" name="com.ld.qa.testcases.HomePageTest" time="50.013" errors="0" timestamp="24 May 2020 22:33:18 GMT" skipped="0">
  <testcase classname="com.ld.qa.testcases.HomePageTest" name="verifyAbout" time="14.544"/>
  <testcase classname="com.ld.qa.testcases.HomePageTest" name="displayMenuTest" time="14.545"/>
  <testcase classname="com.ld.qa.testcases.HomePageTest" name="displayAudienceMenu" time="20.924"/>
</testsuite> <!-- com.ld.qa.testcases.HomePageTest -->
