<?xml version="1.0" encoding="UTF-8"?>
<!-- Generated by org.testng.reporters.JUnitReportReporter -->
<testsuite hostname="SUDHAGAR-225" failures="0" tests="4" name="com.ld.qa.testcases.ProgramsPageTest" time="87.058" errors="0" timestamp="24 May 2020 22:33:18 GMT" skipped="0">
  <testcase classname="com.ld.qa.testcases.ProgramsPageTest" name="displayCourses" time="22.401"/>
  <testcase classname="com.ld.qa.testcases.ProgramsPageTest" name="selectCourse" time="26.426"/>
  <testcase classname="com.ld.qa.testcases.ProgramsPageTest" name="sampleTest" time="19.220"/>
  <testcase classname="com.ld.qa.testcases.ProgramsPageTest" name="sampleTest" time="19.011"/>
</testsuite> <!-- com.ld.qa.testcases.ProgramsPageTest -->
